<?xml version="1.0" encoding="UTF-8"?>
<testsuites>
  <testsuite name="hello" timestamp="2024-07-08T10:29:22Z" hostname="4259f0dba0b4" tests="3" skipped="0" failures="0" errors="0" time="0.22">
    <testcase time="0.011" classname="hello" name="hello_works"/>
    <testcase time="0.197" classname="hello" name="hello_cli_works"/>
    <testcase time="0.012" classname="hello" name="obvious_equality"/>
  </testsuite>
</testsuites>
